<?xml version="1.0" encoding="UTF-8"?>
<!-- Generated by org.testng.reporters.JUnitXMLReporter -->
<testsuite ignored="0" hostname="MMDCNV9D2L141" failures="0" tests="3" name="TLA_API_Testing" time="41.058" errors="0" timestamp="2023-07-24T12:36:35 IST">
  <testcase classname="testcases.test_003_EnrouteGPSActivity" name="test_EnrouteGPSActivity_003" time="37.621"/>
  <testcase classname="testcases.test_001_StartGPSActivity" name="test_StartGPSActivity_001" time="0.868"/>
  <testcase classname="testcases.test_002_StopGPSActivity" name="test_StopGPSActivity_002" time="2.472"/>
</testsuite> <!-- TLA_API_Testing -->
